Using pre-set license

 COMMAND LINE ARGUMENTS:
/Applications/Unity/Hub/Editor/2020.3.11f1/Unity.app/Contents/MacOS/Unity
-adb2
-batchMode
-noUpm
-name
AssetImportWorker0
-projectPath
/Users/storm/Documents/unityProjects/dialog-and-animation-prototype/dialog-and-animation-expirimentation/dialog-animation-exp
-logFile
Logs/AssetImportWorker0.log
-srvPort
50569
Successfully changed project path to: /Users/storm/Documents/unityProjects/dialog-and-animation-prototype/dialog-and-animation-expirimentation/dialog-animation-exp
/Users/storm/Documents/unityProjects/dialog-and-animation-prototype/dialog-and-animation-expirimentation/dialog-animation-exp
Using Asset Import Pipeline V2.
Refreshing native plugins compatible for Editor in 28.11 ms, found 2 plugins.
Preloading 0 native plugins for Editor in 0.00 ms.
Initialize engine version: 2020.3.11f1 (99c7afb366b3)
[Subsystems] Discovering subsystems at path /Applications/Unity/Hub/Editor/2020.3.11f1/Unity.app/Contents/Resources/UnitySubsystems
[Subsystems] Discovering subsystems at path /Users/storm/Documents/unityProjects/dialog-and-animation-prototype/dialog-and-animation-expirimentation/dialog-animation-exp/Assets
GfxDevice: creating device client; threaded=0
2021-07-20 11:52:58.778 Unity[26185:3982291] Color LCD preferred device: AMD Radeon Pro 5600M (high power)
2021-07-20 11:52:58.778 Unity[26185:3982291] Metal devices available: 2
2021-07-20 11:52:58.778 Unity[26185:3982291] 0: AMD Radeon Pro 5600M (high power)
2021-07-20 11:52:58.778 Unity[26185:3982291] 1: Intel(R) UHD Graphics 630 (low power)
2021-07-20 11:52:58.779 Unity[26185:3982291] Using device AMD Radeon Pro 5600M (high power)
Initializing Metal device caps: AMD Radeon Pro 5600M
Initialize mono
Mono path[0] = '/Applications/Unity/Hub/Editor/2020.3.11f1/Unity.app/Contents/Managed'
Mono path[1] = '/Applications/Unity/Hub/Editor/2020.3.11f1/Unity.app/Contents/MonoBleedingEdge/lib/mono/unityjit'
Mono config path = '/Applications/Unity/Hub/Editor/2020.3.11f1/Unity.app/Contents/MonoBleedingEdge/etc'
Using monoOptions --debugger-agent=transport=dt_socket,embedding=1,server=y,suspend=n,address=127.0.0.1:56185
Begin MonoManager ReloadAssembly
Registering precompiled unity dll's ...
Register platform support module: /Applications/Unity/Hub/Editor/2020.3.11f1/PlaybackEngines/WebGLSupport/UnityEditor.WebGL.Extensions.dll
Register platform support module: /Applications/Unity/Hub/Editor/2020.3.11f1/Unity.app/Contents/PlaybackEngines/MacStandaloneSupport/UnityEditor.OSXStandalone.Extensions.dll
Registered in 0.001474 seconds.
Native extension for OSXStandalone target not found
Native extension for WebGL target not found
Refreshing native plugins compatible for Editor in 25.86 ms, found 2 plugins.
Preloading 0 native plugins for Editor in 0.00 ms.
Mono: successfully reloaded assembly
- Completed reload, in  4.292 seconds
Platform modules already initialized, skipping
Registering precompiled user dll's ...
Registered in 0.001462 seconds.
Begin MonoManager ReloadAssembly
Native extension for OSXStandalone target not found
Native extension for WebGL target not found
Refreshing native plugins compatible for Editor in 0.25 ms, found 2 plugins.
Preloading 0 native plugins for Editor in 0.00 ms.
Mono: successfully reloaded assembly
- Completed reload, in  1.042 seconds
Platform modules already initialized, skipping
========================================================================
Worker process is ready to serve import requests
Launching external process: /Applications/Unity/Hub/Editor/2020.3.11f1/Unity.app/Contents/Tools/UnityShaderCompiler
Launched and connected shader compiler UnityShaderCompiler after 0.01 seconds
Refreshing native plugins compatible for Editor in 0.43 ms, found 2 plugins.
Preloading 0 native plugins for Editor in 0.00 ms.
Unloading 1386 Unused Serialized files (Serialized files now loaded: 0)
System memory in use before: 139.6 MB.
System memory in use after: 139.7 MB.

Unloading 19 unused Assets to reduce memory usage. Loaded Objects now: 1819.
Total: 1.639601 ms (FindLiveObjects: 0.125943 ms CreateObjectMapping: 0.032380 ms MarkObjects: 1.415592 ms  DeleteObjects: 0.064908 ms)

========================================================================
Received Import Request.
  path: Assets/Scenes
  artifactKey: Guid(a783d77378e754da4b398e387f8fb20b) Importer(815301076,1909f56bfc062723c751e8b465ee728b)
Start importing Assets/Scenes using Guid(a783d77378e754da4b398e387f8fb20b) Importer(815301076,1909f56bfc062723c751e8b465ee728b)  -> (artifact id: '950eb84f1ccd830e464bad76d72f86ec') in 0.003752 seconds
  Import took 0.005585 seconds .

========================================================================
Received Import Request.
  Time since last request: 18.826610 seconds.
  path: Assets
  artifactKey: Guid(00000000000000001000000000000000) Importer(815301076,1909f56bfc062723c751e8b465ee728b)
Start importing Assets using Guid(00000000000000001000000000000000) Importer(815301076,1909f56bfc062723c751e8b465ee728b)  -> (artifact id: '42d402b061de3733987d63b9cc3b64de') in 0.001920 seconds
  Import took 0.004279 seconds .

========================================================================
Received Prepare
Registering precompiled user dll's ...
Registered in 0.001914 seconds.
Begin MonoManager ReloadAssembly
Native extension for OSXStandalone target not found
Native extension for WebGL target not found
Refreshing native plugins compatible for Editor in 0.27 ms, found 2 plugins.
Preloading 0 native plugins for Editor in 0.00 ms.
Mono: successfully reloaded assembly
- Completed reload, in  1.037 seconds
Platform modules already initialized, skipping
Refreshing native plugins compatible for Editor in 0.29 ms, found 2 plugins.
Preloading 0 native plugins for Editor in 0.00 ms.
Unloading 1395 Unused Serialized files (Serialized files now loaded: 0)
System memory in use before: 140.1 MB.
System memory in use after: 140.2 MB.

Unloading 14 unused Assets to reduce memory usage. Loaded Objects now: 1836.
Total: 1.969939 ms (FindLiveObjects: 0.155216 ms CreateObjectMapping: 0.033888 ms MarkObjects: 1.742967 ms  DeleteObjects: 0.037218 ms)

========================================================================
Received Import Request.
  Time since last request: 38.597588 seconds.
  path: Assets/DialogueData
  artifactKey: Guid(2c3d20d7e53934d428f039fb09e8134f) Importer(815301076,1909f56bfc062723c751e8b465ee728b)
Start importing Assets/DialogueData using Guid(2c3d20d7e53934d428f039fb09e8134f) Importer(815301076,1909f56bfc062723c751e8b465ee728b)  -> (artifact id: '02de02cbeedcfc6ab206be1f0ca14047') in 0.003464 seconds
  Import took 0.005430 seconds .

========================================================================
Received Import Request.
  Time since last request: 0.009842 seconds.
  path: Assets/DialogueData
  artifactKey: Guid(2c3d20d7e53934d428f039fb09e8134f) Importer(815301076,1909f56bfc062723c751e8b465ee728b)
Start importing Assets/DialogueData using Guid(2c3d20d7e53934d428f039fb09e8134f) Importer(815301076,1909f56bfc062723c751e8b465ee728b)  -> (artifact id: '02de02cbeedcfc6ab206be1f0ca14047') in 0.000850 seconds
  Import took 0.002846 seconds .

========================================================================
Received Import Request.
  Time since last request: 0.020117 seconds.
  path: Assets/DialogueData/Done.asset
  artifactKey: Guid(3be9673da92d041c5bec48f90731b34c) Importer(815301076,1909f56bfc062723c751e8b465ee728b)
Start importing Assets/DialogueData/Done.asset using Guid(3be9673da92d041c5bec48f90731b34c) Importer(815301076,1909f56bfc062723c751e8b465ee728b)  -> (artifact id: 'd19b0a839a34972a85f1f75f8fe6e381') in 0.787453 seconds
  Import took 0.789553 seconds .

========================================================================
Received Import Request.
  Time since last request: 0.000172 seconds.
  path: Assets/DialogueData/No.asset
  artifactKey: Guid(bc5cfa2be1e8743d79b950e2310f8d2b) Importer(815301076,1909f56bfc062723c751e8b465ee728b)
Start importing Assets/DialogueData/No.asset using Guid(bc5cfa2be1e8743d79b950e2310f8d2b) Importer(815301076,1909f56bfc062723c751e8b465ee728b)  -> (artifact id: '20e5151ac6615f87de809305ec475604') in 0.003936 seconds
  Import took 0.005798 seconds .

========================================================================
Received Import Request.
  Time since last request: 0.000193 seconds.
  path: Assets/DialogueData/Test.asset
  artifactKey: Guid(21124cb25a2254c7bb07b552dd8716cc) Importer(815301076,1909f56bfc062723c751e8b465ee728b)
Start importing Assets/DialogueData/Test.asset using Guid(21124cb25a2254c7bb07b552dd8716cc) Importer(815301076,1909f56bfc062723c751e8b465ee728b)  -> (artifact id: 'fe7c1e2d6ac3bc5e5a5cfcb3407e098d') in 0.004381 seconds
  Import took 0.006312 seconds .

========================================================================
Received Import Request.
  Time since last request: 0.000160 seconds.
  path: Assets/DialogueData/Yes.asset
  artifactKey: Guid(6a4be49948e534fb9b3014bb053619d8) Importer(815301076,1909f56bfc062723c751e8b465ee728b)
Start importing Assets/DialogueData/Yes.asset using Guid(6a4be49948e534fb9b3014bb053619d8) Importer(815301076,1909f56bfc062723c751e8b465ee728b)  -> (artifact id: 'eb6b8a9fad86c08f05f66fb81ca003c0') in 0.003714 seconds
  Import took 0.005702 seconds .

========================================================================
Received Import Request.
  Time since last request: 1.603229 seconds.
  path: Assets/DialogueData/LostSequence
  artifactKey: Guid(1d56c913dae7948f5ba2b89a98984600) Importer(815301076,1909f56bfc062723c751e8b465ee728b)
Start importing Assets/DialogueData/LostSequence using Guid(1d56c913dae7948f5ba2b89a98984600) Importer(815301076,1909f56bfc062723c751e8b465ee728b)  -> (artifact id: '0bc37113f07969c074372510151478e0') in 0.001103 seconds
  Import took 0.003329 seconds .

========================================================================
Received Import Request.
  Time since last request: 0.000784 seconds.
  path: Assets/DialogueData/LostSequence
  artifactKey: Guid(1d56c913dae7948f5ba2b89a98984600) Importer(815301076,1909f56bfc062723c751e8b465ee728b)
Start importing Assets/DialogueData/LostSequence using Guid(1d56c913dae7948f5ba2b89a98984600) Importer(815301076,1909f56bfc062723c751e8b465ee728b)  -> (artifact id: '0bc37113f07969c074372510151478e0') in 0.000911 seconds
  Import took 0.002968 seconds .

========================================================================
Received Import Request.
  Time since last request: 7.939300 seconds.
  path: Assets/DialogueData/NumberOfDiamonds
  artifactKey: Guid(dac4d66fc46854833a0cd3f5b75cf273) Importer(815301076,1909f56bfc062723c751e8b465ee728b)
Start importing Assets/DialogueData/NumberOfDiamonds using Guid(dac4d66fc46854833a0cd3f5b75cf273) Importer(815301076,1909f56bfc062723c751e8b465ee728b)  -> (artifact id: '6db394371d4b72490cf434a6b62a9d9d') in 0.001834 seconds
  Import took 0.004150 seconds .

========================================================================
Received Import Request.
  Time since last request: 4.809705 seconds.
  path: Assets/Gizmos/DialogueObject Icon.png
  artifactKey: Guid(0e6c6fd6af9c044f4bb661822abcbc7a) Importer(815301076,1909f56bfc062723c751e8b465ee728b)
Start importing Assets/Gizmos/DialogueObject Icon.png using Guid(0e6c6fd6af9c044f4bb661822abcbc7a) Importer(815301076,1909f56bfc062723c751e8b465ee728b)  -> (artifact id: 'b46ad1cf2dae8d065d038cff16f5cd95') in 1.149951 seconds
  Import took 1.152362 seconds .

========================================================================
Received Import Request.
  Time since last request: 1.875304 seconds.
  path: Assets/Scripts/PlayerController.cs
  artifactKey: Guid(2bdea5b0b6abc40a8bdb8fe9f7d6ebeb) Importer(815301076,1909f56bfc062723c751e8b465ee728b)
Start importing Assets/Scripts/PlayerController.cs using Guid(2bdea5b0b6abc40a8bdb8fe9f7d6ebeb) Importer(815301076,1909f56bfc062723c751e8b465ee728b)  -> (artifact id: 'eec5365edfcd85bdfe0374f67ed98a49') in 0.325330 seconds
  Import took 0.327675 seconds .

========================================================================
Received Import Request.
  Time since last request: 0.947869 seconds.
  path: Assets/Scripts/DialoguePlayer
  artifactKey: Guid(5777214ce3bce404ca6e25bb61165980) Importer(815301076,1909f56bfc062723c751e8b465ee728b)
Start importing Assets/Scripts/DialoguePlayer using Guid(5777214ce3bce404ca6e25bb61165980) Importer(815301076,1909f56bfc062723c751e8b465ee728b)  -> (artifact id: '34e335cf355333c027b9f84c0c153f3d') in 0.002175 seconds
  Import took 0.004792 seconds .

========================================================================
Received Import Request.
  Time since last request: 0.801522 seconds.
  path: Assets/Scripts/DialoguePlayer/PlayerX.cs
  artifactKey: Guid(a001a129b0d9a436084be36ebcd9bf73) Importer(815301076,1909f56bfc062723c751e8b465ee728b)
Start importing Assets/Scripts/DialoguePlayer/PlayerX.cs using Guid(a001a129b0d9a436084be36ebcd9bf73) Importer(815301076,1909f56bfc062723c751e8b465ee728b)  -> (artifact id: 'a57130e6aac01c8386803300fd19d4cf') in 0.004281 seconds
  Import took 0.006802 seconds .

========================================================================
Received Prepare
Registering precompiled user dll's ...
Registered in 0.001710 seconds.
Begin MonoManager ReloadAssembly
Native extension for OSXStandalone target not found
Native extension for WebGL target not found
Refreshing native plugins compatible for Editor in 0.26 ms, found 2 plugins.
Preloading 0 native plugins for Editor in 0.00 ms.
Mono: successfully reloaded assembly
- Completed reload, in  1.024 seconds
Platform modules already initialized, skipping
Refreshing native plugins compatible for Editor in 0.18 ms, found 2 plugins.
Preloading 0 native plugins for Editor in 0.00 ms.
Unloading 1394 Unused Serialized files (Serialized files now loaded: 0)
System memory in use before: 156.4 MB.
System memory in use after: 156.5 MB.

Unloading 15 unused Assets to reduce memory usage. Loaded Objects now: 1844.
Total: 1.359987 ms (FindLiveObjects: 0.105983 ms CreateObjectMapping: 0.029992 ms MarkObjects: 1.195137 ms  DeleteObjects: 0.028308 ms)

========================================================================
Received Import Request.
  Time since last request: 11.453152 seconds.
  path: Assets/Scripts/DialogueSystem/DialogueObject.cs
  artifactKey: Guid(22e67a51a33364037994e521bff0fab5) Importer(815301076,1909f56bfc062723c751e8b465ee728b)
Start importing Assets/Scripts/DialogueSystem/DialogueObject.cs using Guid(22e67a51a33364037994e521bff0fab5) Importer(815301076,1909f56bfc062723c751e8b465ee728b)  -> (artifact id: '8e1e2f0be1a821b91d2fe98a7d75cbb7') in 0.005616 seconds
  Import took 0.007719 seconds .

========================================================================
Received Import Request.
  Time since last request: 0.000705 seconds.
  path: Assets/Scripts/DialogueSystem/DialogueObject.cs
  artifactKey: Guid(22e67a51a33364037994e521bff0fab5) Importer(815301076,1909f56bfc062723c751e8b465ee728b)
Start importing Assets/Scripts/DialogueSystem/DialogueObject.cs using Guid(22e67a51a33364037994e521bff0fab5) Importer(815301076,1909f56bfc062723c751e8b465ee728b)  -> (artifact id: '8e1e2f0be1a821b91d2fe98a7d75cbb7') in 0.002924 seconds
  Import took 0.004795 seconds .

========================================================================
Received Import Request.
  Time since last request: 2.632006 seconds.
  path: Assets/Scripts/DialogueSystem/Editor
  artifactKey: Guid(d82b3027e1f824a4090e4843532dc25f) Importer(815301076,1909f56bfc062723c751e8b465ee728b)
Start importing Assets/Scripts/DialogueSystem/Editor using Guid(d82b3027e1f824a4090e4843532dc25f) Importer(815301076,1909f56bfc062723c751e8b465ee728b)  -> (artifact id: '458870007f67a2e7ea115d6179468ee6') in 0.001708 seconds
  Import took 0.004044 seconds .

========================================================================
Received Import Request.
  Time since last request: 0.000619 seconds.
  path: Assets/Scripts/DialogueSystem/Editor
  artifactKey: Guid(d82b3027e1f824a4090e4843532dc25f) Importer(815301076,1909f56bfc062723c751e8b465ee728b)
Start importing Assets/Scripts/DialogueSystem/Editor using Guid(d82b3027e1f824a4090e4843532dc25f) Importer(815301076,1909f56bfc062723c751e8b465ee728b)  -> (artifact id: '458870007f67a2e7ea115d6179468ee6') in 0.000877 seconds
  Import took 0.002710 seconds .

========================================================================
Received Import Request.
  Time since last request: 3444.916136 seconds.
  path: Assets/Scenes/SampleScene.unity
  artifactKey: Guid(9fc0d4010bbf28b4594072e72b8655ab) Importer(815301076,1909f56bfc062723c751e8b465ee728b)
Start importing Assets/Scenes/SampleScene.unity using Guid(9fc0d4010bbf28b4594072e72b8655ab) Importer(815301076,1909f56bfc062723c751e8b465ee728b)  -> (artifact id: 'ecd34a4b99215abc2e16185aa51839a9') in 0.009985 seconds
  Import took 0.014217 seconds .

========================================================================
Received Import Request.
  Time since last request: 6.193465 seconds.
  path: Assets/Scenes/InitialScene.unity
  artifactKey: Guid(9fc0d4010bbf28b4594072e72b8655ab) Importer(815301076,1909f56bfc062723c751e8b465ee728b)
Start importing Assets/Scenes/InitialScene.unity using Guid(9fc0d4010bbf28b4594072e72b8655ab) Importer(815301076,1909f56bfc062723c751e8b465ee728b)  -> (artifact id: '2d91b137a15ccc56d3bf613caa70f872') in 0.002245 seconds
  Import took 0.004543 seconds .

========================================================================
Received Prepare
Registering precompiled user dll's ...
Registered in 0.002217 seconds.
Begin MonoManager ReloadAssembly
Native extension for OSXStandalone target not found
Native extension for WebGL target not found
Refreshing native plugins compatible for Editor in 0.35 ms, found 3 plugins.
Preloading 0 native plugins for Editor in 0.00 ms.
Mono: successfully reloaded assembly
- Completed reload, in  1.095 seconds
Platform modules already initialized, skipping
Refreshing native plugins compatible for Editor in 0.39 ms, found 3 plugins.
Preloading 0 native plugins for Editor in 0.00 ms.
Unloading 1902 Unused Serialized files (Serialized files now loaded: 0)
System memory in use before: 186.6 MB.
System memory in use after: 185.9 MB.

Unloading 33 unused Assets to reduce memory usage. Loaded Objects now: 2342.
Total: 2.607475 ms (FindLiveObjects: 0.213140 ms CreateObjectMapping: 0.118381 ms MarkObjects: 1.958725 ms  DeleteObjects: 0.316581 ms)

========================================================================
Received Prepare
Registering precompiled user dll's ...
Registered in 0.002034 seconds.
Begin MonoManager ReloadAssembly
Native extension for OSXStandalone target not found
Native extension for WebGL target not found
Refreshing native plugins compatible for Editor in 0.49 ms, found 3 plugins.
Preloading 0 native plugins for Editor in 0.00 ms.
Mono: successfully reloaded assembly
- Completed reload, in  1.121 seconds
Platform modules already initialized, skipping
Refreshing native plugins compatible for Editor in 0.38 ms, found 3 plugins.
Preloading 0 native plugins for Editor in 0.00 ms.
Unloading 1990 Unused Serialized files (Serialized files now loaded: 0)
System memory in use before: 190.4 MB.
System memory in use after: 189.7 MB.

Unloading 34 unused Assets to reduce memory usage. Loaded Objects now: 2433.
Total: 2.101684 ms (FindLiveObjects: 0.158194 ms CreateObjectMapping: 0.070661 ms MarkObjects: 1.540634 ms  DeleteObjects: 0.331475 ms)

========================================================================
Received Import Request.
  Time since last request: 297.735624 seconds.
  path: Assets/Scripts/Player.cs
  artifactKey: Guid(e83d53e8050874e378ce29bc5eff299f) Importer(815301076,1909f56bfc062723c751e8b465ee728b)
Start importing Assets/Scripts/Player.cs using Guid(e83d53e8050874e378ce29bc5eff299f) Importer(815301076,1909f56bfc062723c751e8b465ee728b)  -> (artifact id: 'a9ed35519ff35d49f86b70b1e0c4a6e3') in 0.006160 seconds
  Import took 0.009460 seconds .

========================================================================
Received Import Request.
  Time since last request: 83.932568 seconds.
  path: Assets/Scripts/Player.cs
  artifactKey: Guid(e83d53e8050874e378ce29bc5eff299f) Importer(815301076,1909f56bfc062723c751e8b465ee728b)
Start importing Assets/Scripts/Player.cs using Guid(e83d53e8050874e378ce29bc5eff299f) Importer(815301076,1909f56bfc062723c751e8b465ee728b)  -> (artifact id: '7e5e34cc4f46f563dc4d5e92f666c1d1') in 0.001427 seconds
  Import took 0.004341 seconds .

========================================================================
Received Import Request.
  Time since last request: 50.280945 seconds.
  path: Assets/Scripts/Prefabs
  artifactKey: Guid(7da615c054da1463ba8e155762e58590) Importer(815301076,1909f56bfc062723c751e8b465ee728b)
Start importing Assets/Scripts/Prefabs using Guid(7da615c054da1463ba8e155762e58590) Importer(815301076,1909f56bfc062723c751e8b465ee728b)  -> (artifact id: 'a83f93f33ec3982a3f40358c838cf047') in 0.001850 seconds
  Import took 0.004912 seconds .

========================================================================
Received Import Request.
  Time since last request: 27.248997 seconds.
  path: Assets/Scripts/Prefabs/Canvas.prefab
  artifactKey: Guid(9e793135117aa48a58ac56475f3cdac3) Importer(815301076,1909f56bfc062723c751e8b465ee728b)
Start importing Assets/Scripts/Prefabs/Canvas.prefab using Guid(9e793135117aa48a58ac56475f3cdac3) Importer(815301076,1909f56bfc062723c751e8b465ee728b)  -> (artifact id: '232bd43f74e99735c319cfd66a7164dc') in 0.389981 seconds
  Import took 0.393292 seconds .

========================================================================
Received Prepare
Registering precompiled user dll's ...
Registered in 0.001942 seconds.
Begin MonoManager ReloadAssembly
Native extension for OSXStandalone target not found
Native extension for WebGL target not found
Refreshing native plugins compatible for Editor in 0.37 ms, found 3 plugins.
Preloading 0 native plugins for Editor in 0.00 ms.
Mono: successfully reloaded assembly
- Completed reload, in  1.185 seconds
Platform modules already initialized, skipping
Refreshing native plugins compatible for Editor in 0.45 ms, found 3 plugins.
Preloading 0 native plugins for Editor in 0.00 ms.
Unloading 1990 Unused Serialized files (Serialized files now loaded: 0)
System memory in use before: 195.0 MB.
System memory in use after: 194.3 MB.

Unloading 34 unused Assets to reduce memory usage. Loaded Objects now: 2437.
Total: 2.875169 ms (FindLiveObjects: 0.249310 ms CreateObjectMapping: 0.075019 ms MarkObjects: 2.180646 ms  DeleteObjects: 0.369425 ms)

========================================================================
Received Import Request.
  Time since last request: 95.579181 seconds.
  path: Packages/com.unity.2d.sprite/Editor/ObjectMenuCreation/DefaultAssets/Textures/Square.png
  artifactKey: Guid(48e93eef0688c4a259cb0eddcd8661f7) Importer(815301076,1909f56bfc062723c751e8b465ee728b)
Start importing Packages/com.unity.2d.sprite/Editor/ObjectMenuCreation/DefaultAssets/Textures/Square.png using Guid(48e93eef0688c4a259cb0eddcd8661f7) Importer(815301076,1909f56bfc062723c751e8b465ee728b)  -> (artifact id: '67f9d2c87602c9de665cd5edc8b46197') in 0.053188 seconds
  Import took 0.056200 seconds .

========================================================================
Received Import Request.
  Time since last request: 0.030117 seconds.
  path: Packages/com.unity.2d.sprite/Editor/ObjectMenuCreation/DefaultAssets/Textures/Square.png
  artifactKey: Guid(48e93eef0688c4a259cb0eddcd8661f7) Importer(815301076,1909f56bfc062723c751e8b465ee728b)
Start importing Packages/com.unity.2d.sprite/Editor/ObjectMenuCreation/DefaultAssets/Textures/Square.png using Guid(48e93eef0688c4a259cb0eddcd8661f7) Importer(815301076,1909f56bfc062723c751e8b465ee728b)  -> (artifact id: '67f9d2c87602c9de665cd5edc8b46197') in 0.006894 seconds
  Import took 0.009917 seconds .

========================================================================
Received Prepare
Registering precompiled user dll's ...
Registered in 0.002055 seconds.
Begin MonoManager ReloadAssembly
Native extension for OSXStandalone target not found
Native extension for WebGL target not found
Refreshing native plugins compatible for Editor in 0.37 ms, found 3 plugins.
Preloading 0 native plugins for Editor in 0.00 ms.
Mono: successfully reloaded assembly
- Completed reload, in  1.086 seconds
Platform modules already initialized, skipping
Refreshing native plugins compatible for Editor in 0.63 ms, found 3 plugins.
Preloading 0 native plugins for Editor in 0.00 ms.
Unloading 1990 Unused Serialized files (Serialized files now loaded: 0)
System memory in use before: 195.2 MB.
System memory in use after: 194.6 MB.

Unloading 34 unused Assets to reduce memory usage. Loaded Objects now: 2442.
Total: 2.172585 ms (FindLiveObjects: 0.152005 ms CreateObjectMapping: 0.056480 ms MarkObjects: 1.637505 ms  DeleteObjects: 0.325856 ms)

========================================================================
Received Prepare
Registering precompiled user dll's ...
Registered in 0.002144 seconds.
Begin MonoManager ReloadAssembly
Native extension for OSXStandalone target not found
Native extension for WebGL target not found
Refreshing native plugins compatible for Editor in 0.41 ms, found 3 plugins.
Preloading 0 native plugins for Editor in 0.00 ms.
Mono: successfully reloaded assembly
- Completed reload, in  1.147 seconds
Platform modules already initialized, skipping
Refreshing native plugins compatible for Editor in 0.55 ms, found 3 plugins.
Preloading 0 native plugins for Editor in 0.00 ms.
Unloading 1990 Unused Serialized files (Serialized files now loaded: 0)
System memory in use before: 195.4 MB.
System memory in use after: 194.8 MB.

Unloading 34 unused Assets to reduce memory usage. Loaded Objects now: 2446.
Total: 2.397541 ms (FindLiveObjects: 0.186758 ms CreateObjectMapping: 0.073483 ms MarkObjects: 1.725638 ms  DeleteObjects: 0.410643 ms)

========================================================================
Received Import Request.
  Time since last request: 183.459648 seconds.
  path: ProjectSettings/TagManager.asset
  artifactKey: Guid(00000000000000003000000000000000) Importer(815301076,1909f56bfc062723c751e8b465ee728b)
Start importing ProjectSettings/TagManager.asset using Guid(00000000000000003000000000000000) Importer(815301076,1909f56bfc062723c751e8b465ee728b)  -> (artifact id: 'ce6a35c3cddc746e7501c0bd0ed6d4ce') in 0.011777 seconds
  Import took 0.015031 seconds .

========================================================================
Received Prepare
Registering precompiled user dll's ...
Registered in 0.002424 seconds.
Begin MonoManager ReloadAssembly
Native extension for OSXStandalone target not found
Native extension for WebGL target not found
Refreshing native plugins compatible for Editor in 0.46 ms, found 3 plugins.
Preloading 0 native plugins for Editor in 0.00 ms.
Mono: successfully reloaded assembly
- Completed reload, in  1.148 seconds
Platform modules already initialized, skipping
Refreshing native plugins compatible for Editor in 0.39 ms, found 3 plugins.
Preloading 0 native plugins for Editor in 0.00 ms.
Unloading 1990 Unused Serialized files (Serialized files now loaded: 0)
System memory in use before: 195.6 MB.
System memory in use after: 195.0 MB.

Unloading 35 unused Assets to reduce memory usage. Loaded Objects now: 2450.
Total: 2.271540 ms (FindLiveObjects: 0.175540 ms CreateObjectMapping: 0.067736 ms MarkObjects: 1.640604 ms  DeleteObjects: 0.386841 ms)

========================================================================
Received Prepare
Registering precompiled user dll's ...
Registered in 0.002241 seconds.
Begin MonoManager ReloadAssembly
Native extension for OSXStandalone target not found
Native extension for WebGL target not found
Refreshing native plugins compatible for Editor in 0.45 ms, found 3 plugins.
Preloading 0 native plugins for Editor in 0.00 ms.
Mono: successfully reloaded assembly
- Completed reload, in  1.183 seconds
Platform modules already initialized, skipping
Refreshing native plugins compatible for Editor in 0.33 ms, found 3 plugins.
Preloading 0 native plugins for Editor in 0.00 ms.
Unloading 1990 Unused Serialized files (Serialized files now loaded: 0)
System memory in use before: 195.9 MB.
System memory in use after: 195.2 MB.

Unloading 34 unused Assets to reduce memory usage. Loaded Objects now: 2454.
Total: 2.148327 ms (FindLiveObjects: 0.154774 ms CreateObjectMapping: 0.076517 ms MarkObjects: 1.582043 ms  DeleteObjects: 0.334351 ms)

========================================================================
Received Prepare
Registering precompiled user dll's ...
Registered in 0.002078 seconds.
Begin MonoManager ReloadAssembly
Native extension for OSXStandalone target not found
Native extension for WebGL target not found
Refreshing native plugins compatible for Editor in 0.45 ms, found 3 plugins.
Preloading 0 native plugins for Editor in 0.00 ms.
Mono: successfully reloaded assembly
- Completed reload, in  1.235 seconds
Platform modules already initialized, skipping
Refreshing native plugins compatible for Editor in 0.42 ms, found 3 plugins.
Preloading 0 native plugins for Editor in 0.00 ms.
Unloading 1990 Unused Serialized files (Serialized files now loaded: 0)
System memory in use before: 196.1 MB.
System memory in use after: 195.4 MB.

Unloading 34 unused Assets to reduce memory usage. Loaded Objects now: 2458.
Total: 2.320720 ms (FindLiveObjects: 0.195571 ms CreateObjectMapping: 0.079171 ms MarkObjects: 1.658672 ms  DeleteObjects: 0.386485 ms)

========================================================================
Received Import Request.
  Time since last request: 4583.322984 seconds.
  path: Assets/Scripts/Player.cs
  artifactKey: Guid(e83d53e8050874e378ce29bc5eff299f) Importer(815301076,1909f56bfc062723c751e8b465ee728b)
Start importing Assets/Scripts/Player.cs using Guid(e83d53e8050874e378ce29bc5eff299f) Importer(815301076,1909f56bfc062723c751e8b465ee728b)  -> (artifact id: '231cbda92c305f09734b9afeeaf9549c') in 0.004247 seconds
  Import took 0.008590 seconds .

========================================================================
Received Import Request.
  Time since last request: 0.000286 seconds.
  path: Assets/Scripts/Player.cs
  artifactKey: Guid(e83d53e8050874e378ce29bc5eff299f) Importer(815301076,1909f56bfc062723c751e8b465ee728b)
Start importing Assets/Scripts/Player.cs using Guid(e83d53e8050874e378ce29bc5eff299f) Importer(815301076,1909f56bfc062723c751e8b465ee728b)  -> (artifact id: '231cbda92c305f09734b9afeeaf9549c') in 0.001383 seconds
  Import took 0.004094 seconds .

========================================================================
Received Import Request.
  Time since last request: 143.872943 seconds.
  path: ProjectSettings/TagManager.asset
  artifactKey: Guid(00000000000000003000000000000000) Importer(815301076,1909f56bfc062723c751e8b465ee728b)
Start importing ProjectSettings/TagManager.asset using Guid(00000000000000003000000000000000) Importer(815301076,1909f56bfc062723c751e8b465ee728b)  -> (artifact id: 'e427b22d1f33d8121622ac10819d8e62') in 0.009400 seconds
  Import took 0.014286 seconds .

========================================================================
Received Import Request.
  Time since last request: 0.008307 seconds.
  path: ProjectSettings/TagManager.asset
  artifactKey: Guid(00000000000000003000000000000000) Importer(815301076,1909f56bfc062723c751e8b465ee728b)
Start importing ProjectSettings/TagManager.asset using Guid(00000000000000003000000000000000) Importer(815301076,1909f56bfc062723c751e8b465ee728b)  -> (artifact id: 'e427b22d1f33d8121622ac10819d8e62') in 0.001937 seconds
  Import took 0.006623 seconds .

========================================================================
Received Prepare
Registering precompiled user dll's ...
Registered in 0.002306 seconds.
Begin MonoManager ReloadAssembly
Native extension for OSXStandalone target not found
Native extension for WebGL target not found
Refreshing native plugins compatible for Editor in 0.38 ms, found 3 plugins.
Preloading 0 native plugins for Editor in 0.00 ms.
Mono: successfully reloaded assembly
- Completed reload, in  1.152 seconds
Platform modules already initialized, skipping
Refreshing native plugins compatible for Editor in 0.44 ms, found 3 plugins.
Preloading 0 native plugins for Editor in 0.00 ms.
Unloading 1990 Unused Serialized files (Serialized files now loaded: 0)
System memory in use before: 196.3 MB.
System memory in use after: 195.6 MB.

Unloading 36 unused Assets to reduce memory usage. Loaded Objects now: 2462.
Total: 2.369178 ms (FindLiveObjects: 0.189593 ms CreateObjectMapping: 0.069669 ms MarkObjects: 1.715883 ms  DeleteObjects: 0.393135 ms)

AssetImportWorkerClient::OnTransportError - code=2 error=End of file
