Using pre-set license

 COMMAND LINE ARGUMENTS:
/Applications/Unity/Hub/Editor/2020.3.11f1/Unity.app/Contents/MacOS/Unity
-adb2
-batchMode
-noUpm
-name
AssetImportWorker0
-projectPath
/Users/storm/Documents/unityProjects/dialog-and-animation-prototype/dialog-and-animation-expirimentation/dialog-animation-exp
-logFile
Logs/AssetImportWorker0.log
-srvPort
50569
Successfully changed project path to: /Users/storm/Documents/unityProjects/dialog-and-animation-prototype/dialog-and-animation-expirimentation/dialog-animation-exp
/Users/storm/Documents/unityProjects/dialog-and-animation-prototype/dialog-and-animation-expirimentation/dialog-animation-exp
Using Asset Import Pipeline V2.
Refreshing native plugins compatible for Editor in 28.11 ms, found 2 plugins.
Preloading 0 native plugins for Editor in 0.00 ms.
Initialize engine version: 2020.3.11f1 (99c7afb366b3)
[Subsystems] Discovering subsystems at path /Applications/Unity/Hub/Editor/2020.3.11f1/Unity.app/Contents/Resources/UnitySubsystems
[Subsystems] Discovering subsystems at path /Users/storm/Documents/unityProjects/dialog-and-animation-prototype/dialog-and-animation-expirimentation/dialog-animation-exp/Assets
GfxDevice: creating device client; threaded=0
2021-07-20 11:52:58.778 Unity[26185:3982291] Color LCD preferred device: AMD Radeon Pro 5600M (high power)
2021-07-20 11:52:58.778 Unity[26185:3982291] Metal devices available: 2
2021-07-20 11:52:58.778 Unity[26185:3982291] 0: AMD Radeon Pro 5600M (high power)
2021-07-20 11:52:58.778 Unity[26185:3982291] 1: Intel(R) UHD Graphics 630 (low power)
2021-07-20 11:52:58.779 Unity[26185:3982291] Using device AMD Radeon Pro 5600M (high power)
Initializing Metal device caps: AMD Radeon Pro 5600M
Initialize mono
Mono path[0] = '/Applications/Unity/Hub/Editor/2020.3.11f1/Unity.app/Contents/Managed'
Mono path[1] = '/Applications/Unity/Hub/Editor/2020.3.11f1/Unity.app/Contents/MonoBleedingEdge/lib/mono/unityjit'
Mono config path = '/Applications/Unity/Hub/Editor/2020.3.11f1/Unity.app/Contents/MonoBleedingEdge/etc'
Using monoOptions --debugger-agent=transport=dt_socket,embedding=1,server=y,suspend=n,address=127.0.0.1:56185
Begin MonoManager ReloadAssembly
Registering precompiled unity dll's ...
Register platform support module: /Applications/Unity/Hub/Editor/2020.3.11f1/PlaybackEngines/WebGLSupport/UnityEditor.WebGL.Extensions.dll
Register platform support module: /Applications/Unity/Hub/Editor/2020.3.11f1/Unity.app/Contents/PlaybackEngines/MacStandaloneSupport/UnityEditor.OSXStandalone.Extensions.dll
Registered in 0.001474 seconds.
Native extension for OSXStandalone target not found
Native extension for WebGL target not found
Refreshing native plugins compatible for Editor in 25.86 ms, found 2 plugins.
Preloading 0 native plugins for Editor in 0.00 ms.
Mono: successfully reloaded assembly
- Completed reload, in  4.292 seconds
Platform modules already initialized, skipping
Registering precompiled user dll's ...
Registered in 0.001462 seconds.
Begin MonoManager ReloadAssembly
Native extension for OSXStandalone target not found
Native extension for WebGL target not found
Refreshing native plugins compatible for Editor in 0.25 ms, found 2 plugins.
Preloading 0 native plugins for Editor in 0.00 ms.
Mono: successfully reloaded assembly
- Completed reload, in  1.042 seconds
Platform modules already initialized, skipping
========================================================================
Worker process is ready to serve import requests
Launching external process: /Applications/Unity/Hub/Editor/2020.3.11f1/Unity.app/Contents/Tools/UnityShaderCompiler
Launched and connected shader compiler UnityShaderCompiler after 0.01 seconds
Refreshing native plugins compatible for Editor in 0.43 ms, found 2 plugins.
Preloading 0 native plugins for Editor in 0.00 ms.
Unloading 1386 Unused Serialized files (Serialized files now loaded: 0)
System memory in use before: 139.6 MB.
System memory in use after: 139.7 MB.

Unloading 19 unused Assets to reduce memory usage. Loaded Objects now: 1819.
Total: 1.639601 ms (FindLiveObjects: 0.125943 ms CreateObjectMapping: 0.032380 ms MarkObjects: 1.415592 ms  DeleteObjects: 0.064908 ms)

========================================================================
Received Import Request.
  path: Assets/Scenes
  artifactKey: Guid(a783d77378e754da4b398e387f8fb20b) Importer(815301076,1909f56bfc062723c751e8b465ee728b)
Start importing Assets/Scenes using Guid(a783d77378e754da4b398e387f8fb20b) Importer(815301076,1909f56bfc062723c751e8b465ee728b)  -> (artifact id: '950eb84f1ccd830e464bad76d72f86ec') in 0.003752 seconds
  Import took 0.005585 seconds .

========================================================================
Received Import Request.
  Time since last request: 18.826610 seconds.
  path: Assets
  artifactKey: Guid(00000000000000001000000000000000) Importer(815301076,1909f56bfc062723c751e8b465ee728b)
Start importing Assets using Guid(00000000000000001000000000000000) Importer(815301076,1909f56bfc062723c751e8b465ee728b)  -> (artifact id: '42d402b061de3733987d63b9cc3b64de') in 0.001920 seconds
  Import took 0.004279 seconds .

========================================================================
Received Prepare
Registering precompiled user dll's ...
Registered in 0.001914 seconds.
Begin MonoManager ReloadAssembly
Native extension for OSXStandalone target not found
Native extension for WebGL target not found
Refreshing native plugins compatible for Editor in 0.27 ms, found 2 plugins.
Preloading 0 native plugins for Editor in 0.00 ms.
Mono: successfully reloaded assembly
- Completed reload, in  1.037 seconds
Platform modules already initialized, skipping
Refreshing native plugins compatible for Editor in 0.29 ms, found 2 plugins.
Preloading 0 native plugins for Editor in 0.00 ms.
Unloading 1395 Unused Serialized files (Serialized files now loaded: 0)
System memory in use before: 140.1 MB.
System memory in use after: 140.2 MB.

Unloading 14 unused Assets to reduce memory usage. Loaded Objects now: 1836.
Total: 1.969939 ms (FindLiveObjects: 0.155216 ms CreateObjectMapping: 0.033888 ms MarkObjects: 1.742967 ms  DeleteObjects: 0.037218 ms)

========================================================================
Received Import Request.
  Time since last request: 38.597588 seconds.
  path: Assets/DialogueData
  artifactKey: Guid(2c3d20d7e53934d428f039fb09e8134f) Importer(815301076,1909f56bfc062723c751e8b465ee728b)
Start importing Assets/DialogueData using Guid(2c3d20d7e53934d428f039fb09e8134f) Importer(815301076,1909f56bfc062723c751e8b465ee728b)  -> (artifact id: '02de02cbeedcfc6ab206be1f0ca14047') in 0.003464 seconds
  Import took 0.005430 seconds .

========================================================================
Received Import Request.
  Time since last request: 0.009842 seconds.
  path: Assets/DialogueData
  artifactKey: Guid(2c3d20d7e53934d428f039fb09e8134f) Importer(815301076,1909f56bfc062723c751e8b465ee728b)
Start importing Assets/DialogueData using Guid(2c3d20d7e53934d428f039fb09e8134f) Importer(815301076,1909f56bfc062723c751e8b465ee728b)  -> (artifact id: '02de02cbeedcfc6ab206be1f0ca14047') in 0.000850 seconds
  Import took 0.002846 seconds .

========================================================================
Received Import Request.
  Time since last request: 0.020117 seconds.
  path: Assets/DialogueData/Done.asset
  artifactKey: Guid(3be9673da92d041c5bec48f90731b34c) Importer(815301076,1909f56bfc062723c751e8b465ee728b)
Start importing Assets/DialogueData/Done.asset using Guid(3be9673da92d041c5bec48f90731b34c) Importer(815301076,1909f56bfc062723c751e8b465ee728b)  -> (artifact id: 'd19b0a839a34972a85f1f75f8fe6e381') in 0.787453 seconds
  Import took 0.789553 seconds .

========================================================================
Received Import Request.
  Time since last request: 0.000172 seconds.
  path: Assets/DialogueData/No.asset
  artifactKey: Guid(bc5cfa2be1e8743d79b950e2310f8d2b) Importer(815301076,1909f56bfc062723c751e8b465ee728b)
Start importing Assets/DialogueData/No.asset using Guid(bc5cfa2be1e8743d79b950e2310f8d2b) Importer(815301076,1909f56bfc062723c751e8b465ee728b)  -> (artifact id: '20e5151ac6615f87de809305ec475604') in 0.003936 seconds
  Import took 0.005798 seconds .

========================================================================
Received Import Request.
  Time since last request: 0.000193 seconds.
  path: Assets/DialogueData/Test.asset
  artifactKey: Guid(21124cb25a2254c7bb07b552dd8716cc) Importer(815301076,1909f56bfc062723c751e8b465ee728b)
Start importing Assets/DialogueData/Test.asset using Guid(21124cb25a2254c7bb07b552dd8716cc) Importer(815301076,1909f56bfc062723c751e8b465ee728b)  -> (artifact id: 'fe7c1e2d6ac3bc5e5a5cfcb3407e098d') in 0.004381 seconds
  Import took 0.006312 seconds .

========================================================================
Received Import Request.
  Time since last request: 0.000160 seconds.
  path: Assets/DialogueData/Yes.asset
  artifactKey: Guid(6a4be49948e534fb9b3014bb053619d8) Importer(815301076,1909f56bfc062723c751e8b465ee728b)
Start importing Assets/DialogueData/Yes.asset using Guid(6a4be49948e534fb9b3014bb053619d8) Importer(815301076,1909f56bfc062723c751e8b465ee728b)  -> (artifact id: 'eb6b8a9fad86c08f05f66fb81ca003c0') in 0.003714 seconds
  Import took 0.005702 seconds .

========================================================================
Received Import Request.
  Time since last request: 1.603229 seconds.
  path: Assets/DialogueData/LostSequence
  artifactKey: Guid(1d56c913dae7948f5ba2b89a98984600) Importer(815301076,1909f56bfc062723c751e8b465ee728b)
Start importing Assets/DialogueData/LostSequence using Guid(1d56c913dae7948f5ba2b89a98984600) Importer(815301076,1909f56bfc062723c751e8b465ee728b)  -> (artifact id: '0bc37113f07969c074372510151478e0') in 0.001103 seconds
  Import took 0.003329 seconds .

========================================================================
Received Import Request.
  Time since last request: 0.000784 seconds.
  path: Assets/DialogueData/LostSequence
  artifactKey: Guid(1d56c913dae7948f5ba2b89a98984600) Importer(815301076,1909f56bfc062723c751e8b465ee728b)
Start importing Assets/DialogueData/LostSequence using Guid(1d56c913dae7948f5ba2b89a98984600) Importer(815301076,1909f56bfc062723c751e8b465ee728b)  -> (artifact id: '0bc37113f07969c074372510151478e0') in 0.000911 seconds
  Import took 0.002968 seconds .

========================================================================
Received Import Request.
  Time since last request: 7.939300 seconds.
  path: Assets/DialogueData/NumberOfDiamonds
  artifactKey: Guid(dac4d66fc46854833a0cd3f5b75cf273) Importer(815301076,1909f56bfc062723c751e8b465ee728b)
Start importing Assets/DialogueData/NumberOfDiamonds using Guid(dac4d66fc46854833a0cd3f5b75cf273) Importer(815301076,1909f56bfc062723c751e8b465ee728b)  -> (artifact id: '6db394371d4b72490cf434a6b62a9d9d') in 0.001834 seconds
  Import took 0.004150 seconds .

========================================================================
Received Import Request.
  Time since last request: 4.809705 seconds.
  path: Assets/Gizmos/DialogueObject Icon.png
  artifactKey: Guid(0e6c6fd6af9c044f4bb661822abcbc7a) Importer(815301076,1909f56bfc062723c751e8b465ee728b)
Start importing Assets/Gizmos/DialogueObject Icon.png using Guid(0e6c6fd6af9c044f4bb661822abcbc7a) Importer(815301076,1909f56bfc062723c751e8b465ee728b)  -> (artifact id: 'b46ad1cf2dae8d065d038cff16f5cd95') in 1.149951 seconds
  Import took 1.152362 seconds .

========================================================================
Received Import Request.
  Time since last request: 1.875304 seconds.
  path: Assets/Scripts/PlayerController.cs
  artifactKey: Guid(2bdea5b0b6abc40a8bdb8fe9f7d6ebeb) Importer(815301076,1909f56bfc062723c751e8b465ee728b)
Start importing Assets/Scripts/PlayerController.cs using Guid(2bdea5b0b6abc40a8bdb8fe9f7d6ebeb) Importer(815301076,1909f56bfc062723c751e8b465ee728b)  -> (artifact id: 'eec5365edfcd85bdfe0374f67ed98a49') in 0.325330 seconds
  Import took 0.327675 seconds .

========================================================================
Received Import Request.
  Time since last request: 0.947869 seconds.
  path: Assets/Scripts/DialoguePlayer
  artifactKey: Guid(5777214ce3bce404ca6e25bb61165980) Importer(815301076,1909f56bfc062723c751e8b465ee728b)
Start importing Assets/Scripts/DialoguePlayer using Guid(5777214ce3bce404ca6e25bb61165980) Importer(815301076,1909f56bfc062723c751e8b465ee728b)  -> (artifact id: '34e335cf355333c027b9f84c0c153f3d') in 0.002175 seconds
  Import took 0.004792 seconds .

========================================================================
Received Import Request.
  Time since last request: 0.801522 seconds.
  path: Assets/Scripts/DialoguePlayer/PlayerX.cs
  artifactKey: Guid(a001a129b0d9a436084be36ebcd9bf73) Importer(815301076,1909f56bfc062723c751e8b465ee728b)
Start importing Assets/Scripts/DialoguePlayer/PlayerX.cs using Guid(a001a129b0d9a436084be36ebcd9bf73) Importer(815301076,1909f56bfc062723c751e8b465ee728b)  -> (artifact id: 'a57130e6aac01c8386803300fd19d4cf') in 0.004281 seconds
  Import took 0.006802 seconds .

========================================================================
Received Prepare
Registering precompiled user dll's ...
Registered in 0.001710 seconds.
Begin MonoManager ReloadAssembly
Native extension for OSXStandalone target not found
Native extension for WebGL target not found
Refreshing native plugins compatible for Editor in 0.26 ms, found 2 plugins.
Preloading 0 native plugins for Editor in 0.00 ms.
Mono: successfully reloaded assembly
- Completed reload, in  1.024 seconds
Platform modules already initialized, skipping
Refreshing native plugins compatible for Editor in 0.18 ms, found 2 plugins.
Preloading 0 native plugins for Editor in 0.00 ms.
Unloading 1394 Unused Serialized files (Serialized files now loaded: 0)
System memory in use before: 156.4 MB.
System memory in use after: 156.5 MB.

Unloading 15 unused Assets to reduce memory usage. Loaded Objects now: 1844.
Total: 1.359987 ms (FindLiveObjects: 0.105983 ms CreateObjectMapping: 0.029992 ms MarkObjects: 1.195137 ms  DeleteObjects: 0.028308 ms)

========================================================================
Received Import Request.
  Time since last request: 11.453152 seconds.
  path: Assets/Scripts/DialogueSystem/DialogueObject.cs
  artifactKey: Guid(22e67a51a33364037994e521bff0fab5) Importer(815301076,1909f56bfc062723c751e8b465ee728b)
Start importing Assets/Scripts/DialogueSystem/DialogueObject.cs using Guid(22e67a51a33364037994e521bff0fab5) Importer(815301076,1909f56bfc062723c751e8b465ee728b)  -> (artifact id: '8e1e2f0be1a821b91d2fe98a7d75cbb7') in 0.005616 seconds
  Import took 0.007719 seconds .

========================================================================
Received Import Request.
  Time since last request: 0.000705 seconds.
  path: Assets/Scripts/DialogueSystem/DialogueObject.cs
  artifactKey: Guid(22e67a51a33364037994e521bff0fab5) Importer(815301076,1909f56bfc062723c751e8b465ee728b)
Start importing Assets/Scripts/DialogueSystem/DialogueObject.cs using Guid(22e67a51a33364037994e521bff0fab5) Importer(815301076,1909f56bfc062723c751e8b465ee728b)  -> (artifact id: '8e1e2f0be1a821b91d2fe98a7d75cbb7') in 0.002924 seconds
  Import took 0.004795 seconds .

========================================================================
Received Import Request.
  Time since last request: 2.632006 seconds.
  path: Assets/Scripts/DialogueSystem/Editor
  artifactKey: Guid(d82b3027e1f824a4090e4843532dc25f) Importer(815301076,1909f56bfc062723c751e8b465ee728b)
Start importing Assets/Scripts/DialogueSystem/Editor using Guid(d82b3027e1f824a4090e4843532dc25f) Importer(815301076,1909f56bfc062723c751e8b465ee728b)  -> (artifact id: '458870007f67a2e7ea115d6179468ee6') in 0.001708 seconds
  Import took 0.004044 seconds .

========================================================================
Received Import Request.
  Time since last request: 0.000619 seconds.
  path: Assets/Scripts/DialogueSystem/Editor
  artifactKey: Guid(d82b3027e1f824a4090e4843532dc25f) Importer(815301076,1909f56bfc062723c751e8b465ee728b)
Start importing Assets/Scripts/DialogueSystem/Editor using Guid(d82b3027e1f824a4090e4843532dc25f) Importer(815301076,1909f56bfc062723c751e8b465ee728b)  -> (artifact id: '458870007f67a2e7ea115d6179468ee6') in 0.000877 seconds
  Import took 0.002710 seconds .

